0 info it worked if it ends with ok
1 verbose cli [ 'C:\\Program Files\\nodejs\\node.exe',
1 verbose cli   'C:\\Program Files\\nodejs\\node_modules\\npm\\bin\\npm-cli.js',
1 verbose cli   'run-script',
1 verbose cli   'debug' ]
2 info using npm@4.0.5
3 info using node@v7.4.0
4 verbose run-script [ 'predebug', 'debug', 'postdebug' ]
5 info lifecycle marketing-monitor@1.0.0~predebug: marketing-monitor@1.0.0
6 silly lifecycle marketing-monitor@1.0.0~predebug: no script for predebug, continuing
7 info lifecycle marketing-monitor@1.0.0~debug: marketing-monitor@1.0.0
8 verbose lifecycle marketing-monitor@1.0.0~debug: unsafe-perm in lifecycle true
9 verbose lifecycle marketing-monitor@1.0.0~debug: PATH: C:\Program Files\nodejs\node_modules\npm\bin\node-gyp-bin;d:\source\marketing-monitor\node_modules\.bin;C:\Program Files (x86)\ConEmu\ConEmu\Scripts;C:\Program Files (x86)\ConEmu;C:\Program Files (x86)\ConEmu\ConEmu;C:\ProgramData\Oracle\Java\javapath;C:\Program Files (x86)\Intel\iCLS Client\;C:\Program Files\Intel\iCLS Client\;C:\WINDOWS\system32;C:\WINDOWS;C:\WINDOWS\System32\Wbem;C:\WINDOWS\System32\WindowsPowerShell\v1.0\;C:\Program Files (x86)\Intel\Intel(R) Management Engine Components\DAL;C:\Program Files\Intel\Intel(R) Management Engine Components\DAL;C:\Program Files (x86)\Intel\Intel(R) Management Engine Components\IPT;C:\Program Files\Intel\Intel(R) Management Engine Components\IPT;C:\Program Files\Intel\WiFi\bin\;C:\Program Files\Common Files\Intel\WirelessCommon\;C:\Program Files (x86)\Skype\Phone\;C:\Program Files\Git\cmd;C:\Program Files\Git\mingw64\bin;C:\Program Files\Git\usr\bin;C:\Program Files\nodejs\;C:\Program Files (x86)\Windows Kits\8.1\Windows Performance Toolkit\;D:\Program Files\;C:\Program Files (x86)\HMA! Pro VPN\bin;C:\Program Files (x86)\Microsoft VS Code\bin;C:\Users\dsott\AppData\Roaming\npm;C:\Users\dsott\AppData\Local\Microsoft\WindowsApps;C:\Program Files\Heroku\bin
10 verbose lifecycle marketing-monitor@1.0.0~debug: CWD: d:\source\marketing-monitor
11 silly lifecycle marketing-monitor@1.0.0~debug: Args: [ '/d /s /c', 'node --debug app.js' ]
12 silly lifecycle marketing-monitor@1.0.0~debug: Returned: code: 1  signal: null
13 info lifecycle marketing-monitor@1.0.0~debug: Failed to exec debug script
14 verbose stack Error: marketing-monitor@1.0.0 debug: `node --debug app.js`
14 verbose stack Exit status 1
14 verbose stack     at EventEmitter.<anonymous> (C:\Program Files\nodejs\node_modules\npm\lib\utils\lifecycle.js:279:16)
14 verbose stack     at emitTwo (events.js:106:13)
14 verbose stack     at EventEmitter.emit (events.js:191:7)
14 verbose stack     at ChildProcess.<anonymous> (C:\Program Files\nodejs\node_modules\npm\lib\utils\spawn.js:40:14)
14 verbose stack     at emitTwo (events.js:106:13)
14 verbose stack     at ChildProcess.emit (events.js:191:7)
14 verbose stack     at maybeClose (internal/child_process.js:885:16)
14 verbose stack     at Process.ChildProcess._handle.onexit (internal/child_process.js:226:5)
15 verbose pkgid marketing-monitor@1.0.0
16 verbose cwd d:\source\marketing-monitor
17 error Windows_NT 10.0.14393
18 error argv "C:\\Program Files\\nodejs\\node.exe" "C:\\Program Files\\nodejs\\node_modules\\npm\\bin\\npm-cli.js" "run-script" "debug"
19 error node v7.4.0
20 error npm  v4.0.5
21 error code ELIFECYCLE
22 error marketing-monitor@1.0.0 debug: `node --debug app.js`
22 error Exit status 1
23 error Failed at the marketing-monitor@1.0.0 debug script 'node --debug app.js'.
23 error Make sure you have the latest version of node.js and npm installed.
23 error If you do, this is most likely a problem with the marketing-monitor package,
23 error not with npm itself.
23 error Tell the author that this fails on your system:
23 error     node --debug app.js
23 error You can get information on how to open an issue for this project with:
23 error     npm bugs marketing-monitor
23 error Or if that isn't available, you can get their info via:
23 error     npm owner ls marketing-monitor
23 error There is likely additional logging output above.
24 verbose exit [ 1, true ]
